# JRE version: Java(TM) SE Runtime Environment (8.0_111-b14) (build 1.8.0_111-b14)
# Java VM: Java HotSpot(TM) 64-Bit Server VM (25.111-b14 mixed mode bsd-amd64 compressed oops)
Heap:
 PSYoungGen      total 420864K, used 30631K [0x000000076ab00000, 0x0000000787300000, 0x00000007c0000000)
  eden space 395264K, 1% used [0x000000076ab00000,0x000000076aff01c8,0x0000000782d00000)
  from space 25600K, 99% used [0x0000000785a00000,0x00000007872f9bf8,0x0000000787300000)
  to   space 34816K, 0% used [0x0000000782f00000,0x0000000782f00000,0x0000000785100000)
 ParOldGen       total 113664K, used 47835K [0x00000006c0000000, 0x00000006c6f00000, 0x000000076ab00000)
  object space 113664K, 42% used [0x00000006c0000000,0x00000006c2eb6ff8,0x00000006c6f00000)
 Metaspace       used 30023K, capacity 33807K, committed 34048K, reserved 1075200K
  class space    used 6336K, capacity 7679K, committed 7680K, reserved 1048576K
GC Heap History (10 events):
Event: 3.173 GC heap before
{Heap before GC invocations=7 (full 1):
 PSYoungGen      total 141824K, used 131072K [0x000000076ab00000, 0x000000077cc00000, 0x00000007c0000000)
  eden space 131072K, 100% used [0x000000076ab00000,0x0000000772b00000,0x0000000772b00000)
  from space 10752K, 0% used [0x0000000772b00000,0x0000000772b00000,0x0000000773580000)
  to   space 16896K, 0% used [0x000000077bb80000,0x000000077bb80000,0x000000077cc00000)
 ParOldGen       total 113664K, used 17432K [0x00000006c0000000, 0x00000006c6f00000, 0x000000076ab00000)
  object space 113664K, 15% used [0x00000006c0000000,0x00000006c1106308,0x00000006c6f00000)
 Metaspace       used 25533K, capacity 29045K, committed 29312K, reserved 1071104K
  class space    used 5741K, capacity 7026K, committed 7040K, reserved 1048576K
Event: 3.187 GC heap after
Heap after GC invocations=7 (full 1):
 PSYoungGen      total 218112K, used 12303K [0x000000076ab00000, 0x000000077c800000, 0x00000007c0000000)
  eden space 205312K, 0% used [0x000000076ab00000,0x000000076ab00000,0x0000000777380000)
  from space 12800K, 96% used [0x000000077bb80000,0x000000077c783c10,0x000000077c800000)
  to   space 16896K, 0% used [0x000000077a700000,0x000000077a700000,0x000000077b780000)
 ParOldGen       total 113664K, used 17440K [0x00000006c0000000, 0x00000006c6f00000, 0x000000076ab00000)
  object space 113664K, 15% used [0x00000006c0000000,0x00000006c1108308,0x00000006c6f00000)
 Metaspace       used 25533K, capacity 29045K, committed 29312K, reserved 1071104K
  class space    used 5741K, capacity 7026K, committed 7040K, reserved 1048576K
}
Event: 3.979 GC heap before
{Heap before GC invocations=8 (full 1):
 PSYoungGen      total 218112K, used 217615K [0x000000076ab00000, 0x000000077c800000, 0x00000007c0000000)
  eden space 205312K, 100% used [0x000000076ab00000,0x0000000777380000,0x0000000777380000)
  from space 12800K, 96% used [0x000000077bb80000,0x000000077c783c10,0x000000077c800000)
  to   space 16896K, 0% used [0x000000077a700000,0x000000077a700000,0x000000077b780000)
 ParOldGen       total 113664K, used 17440K [0x00000006c0000000, 0x00000006c6f00000, 0x000000076ab00000)
  object space 113664K, 15% used [0x00000006c0000000,0x00000006c1108308,0x00000006c6f00000)
 Metaspace       used 25732K, capacity 29273K, committed 29312K, reserved 1071104K
  class space    used 5750K, capacity 7033K, committed 7040K, reserved 1048576K
Event: 4.011 GC heap after
Heap after GC invocations=8 (full 1):
 PSYoungGen      total 274944K, used 16868K [0x000000076ab00000, 0x0000000781100000, 0x00000007c0000000)
  eden space 258048K, 0% used [0x000000076ab00000,0x000000076ab00000,0x000000077a700000)
  from space 16896K, 99% used [0x000000077a700000,0x000000077b779230,0x000000077b780000)
  to   space 23040K, 0% used [0x000000077fa80000,0x000000077fa80000,0x0000000781100000)
 ParOldGen       total 113664K, used 25409K [0x00000006c0000000, 0x00000006c6f00000, 0x000000076ab00000)
  object space 113664K, 22% used [0x00000006c0000000,0x00000006c18d0570,0x00000006c6f00000)
 Metaspace       used 25732K, capacity 29273K, committed 29312K, reserved 1071104K
  class space    used 5750K, capacity 7033K, committed 7040K, reserved 1048576K
}
Event: 4.787 GC heap before
{Heap before GC invocations=9 (full 1):
 PSYoungGen      total 274944K, used 274916K [0x000000076ab00000, 0x0000000781100000, 0x00000007c0000000)
  eden space 258048K, 100% used [0x000000076ab00000,0x000000077a700000,0x000000077a700000)
  from space 16896K, 99% used [0x000000077a700000,0x000000077b779230,0x000000077b780000)
  to   space 23040K, 0% used [0x000000077fa80000,0x000000077fa80000,0x0000000781100000)
 ParOldGen       total 113664K, used 25409K [0x00000006c0000000, 0x00000006c6f00000, 0x000000076ab00000)
  object space 113664K, 22% used [0x00000006c0000000,0x00000006c18d0570,0x00000006c6f00000)
 Metaspace       used 25806K, capacity 29337K, committed 29568K, reserved 1071104K
  class space    used 5762K, capacity 7033K, committed 7040K, reserved 1048576K
Event: 4.833 GC heap after
Heap after GC invocations=9 (full 1):
 PSYoungGen      total 335360K, used 23027K [0x000000076ab00000, 0x0000000787700000, 0x00000007c0000000)
  eden space 312320K, 0% used [0x000000076ab00000,0x000000076ab00000,0x000000077dc00000)
  from space 23040K, 99% used [0x000000077fa80000,0x00000007810fccc8,0x0000000781100000)
  to   space 31232K, 0% used [0x000000077dc00000,0x000000077dc00000,0x000000077fa80000)
 ParOldGen       total 113664K, used 36081K [0x00000006c0000000, 0x00000006c6f00000, 0x000000076ab00000)
  object space 113664K, 31% used [0x00000006c0000000,0x00000006c233c468,0x00000006c6f00000)
 Metaspace       used 25806K, capacity 29337K, committed 29568K, reserved 1071104K
  class space    used 5762K, capacity 7033K, committed 7040K, reserved 1048576K
}
Event: 104.714 GC heap before
{Heap before GC invocations=10 (full 1):
 PSYoungGen      total 335360K, used 335347K [0x000000076ab00000, 0x0000000787700000, 0x00000007c0000000)
  eden space 312320K, 100% used [0x000000076ab00000,0x000000077dc00000,0x000000077dc00000)
  from space 23040K, 99% used [0x000000077fa80000,0x00000007810fccc8,0x0000000781100000)
  to   space 31232K, 0% used [0x000000077dc00000,0x000000077dc00000,0x000000077fa80000)
 ParOldGen       total 113664K, used 36081K [0x00000006c0000000, 0x00000006c6f00000, 0x000000076ab00000)
  object space 113664K, 31% used [0x00000006c0000000,0x00000006c233c468,0x00000006c6f00000)
 Metaspace       used 26084K, capacity 29599K, committed 29696K, reserved 1071104K
  class space    used 5790K, capacity 7111K, committed 7168K, reserved 1048576K
Event: 104.764 GC heap after
Heap after GC invocations=10 (full 1):
 PSYoungGen      total 343552K, used 23648K [0x000000076ab00000, 0x0000000787a00000, 0x00000007c0000000)
  eden space 312320K, 0% used [0x000000076ab00000,0x000000076ab00000,0x000000077dc00000)
  from space 31232K, 75% used [0x000000077dc00000,0x000000077f318340,0x000000077fa80000)
  to   space 32768K, 0% used [0x0000000785a00000,0x0000000785a00000,0x0000000787a00000)
 ParOldGen       total 113664K, used 45965K [0x00000006c0000000, 0x00000006c6f00000, 0x000000076ab00000)
  object space 113664K, 40% used [0x00000006c0000000,0x00000006c2ce3660,0x00000006c6f00000)
 Metaspace       used 26084K, capacity 29599K, committed 29696K, reserved 1071104K
  class space    used 5790K, capacity 7111K, committed 7168K, reserved 1048576K
}
Event: 227.003 GC heap before
{Heap before GC invocations=11 (full 1):
 PSYoungGen      total 343552K, used 335968K [0x000000076ab00000, 0x0000000787a00000, 0x00000007c0000000)
  eden space 312320K, 100% used [0x000000076ab00000,0x000000077dc00000,0x000000077dc00000)
  from space 31232K, 75% used [0x000000077dc00000,0x000000077f318340,0x000000077fa80000)
  to   space 32768K, 0% used [0x0000000785a00000,0x0000000785a00000,0x0000000787a00000)
 ParOldGen       total 113664K, used 45965K [0x00000006c0000000, 0x00000006c6f00000, 0x000000076ab00000)
  object space 113664K, 40% used [0x00000006c0000000,0x00000006c2ce3660,0x00000006c6f00000)
 Metaspace       used 29697K, capacity 33511K, committed 33792K, reserved 1075200K
  class space    used 6289K, capacity 7645K, committed 7680K, reserved 1048576K
Event: 227.041 GC heap after
Heap after GC invocations=11 (full 1):
 PSYoungGen      total 420864K, used 25574K [0x000000076ab00000, 0x0000000787300000, 0x00000007c0000000)
  eden space 395264K, 0% used [0x000000076ab00000,0x000000076ab00000,0x0000000782d00000)
  from space 25600K, 99% used [0x0000000785a00000,0x00000007872f9bf8,0x0000000787300000)
  to   space 34816K, 0% used [0x0000000782f00000,0x0000000782f00000,0x0000000785100000)
 ParOldGen       total 113664K, used 47835K [0x00000006c0000000, 0x00000006c6f00000, 0x000000076ab00000)
  object space 113664K, 42% used [0x00000006c0000000,0x00000006c2eb6ff8,0x00000006c6f00000)
 Metaspace       used 29697K, capacity 33511K, committed 33792K, reserved 1075200K
  class space    used 6289K, capacity 7645K, committed 7680K, reserved 1048576K
}

