# JRE version: Java(TM) SE Runtime Environment (8.0_111-b14) (build 1.8.0_111-b14)
# Java VM: Java HotSpot(TM) 64-Bit Server VM (25.111-b14 mixed mode bsd-amd64 compressed oops)
Heap:
 PSYoungGen      total 440832K, used 19845K [0x000000076ab00000, 0x000000078d200000, 0x00000007c0000000)
  eden space 408576K, 1% used [0x000000076ab00000,0x000000076af9c8a8,0x0000000783a00000)
  from space 32256K, 46% used [0x0000000783a00000,0x00000007848c4ec0,0x0000000785980000)
  to   space 30720K, 0% used [0x000000078b400000,0x000000078b400000,0x000000078d200000)
 ParOldGen       total 112640K, used 49380K [0x00000006c0000000, 0x00000006c6e00000, 0x000000076ab00000)
  object space 112640K, 43% used [0x00000006c0000000,0x00000006c3039170,0x00000006c6e00000)
 Metaspace       used 27790K, capacity 31683K, committed 31744K, reserved 1073152K
  class space    used 6055K, capacity 7414K, committed 7424K, reserved 1048576K
GC Heap History (10 events):
Event: 4.000 GC heap before
{Heap before GC invocations=8 (full 1):
 PSYoungGen      total 220160K, used 220005K [0x000000076ab00000, 0x000000077c780000, 0x00000007c0000000)
  eden space 207872K, 100% used [0x000000076ab00000,0x0000000777600000,0x0000000777600000)
  from space 12288K, 98% used [0x000000077bb80000,0x000000077c759660,0x000000077c780000)
  to   space 16896K, 0% used [0x000000077a680000,0x000000077a680000,0x000000077b700000)
 ParOldGen       total 112640K, used 17441K [0x00000006c0000000, 0x00000006c6e00000, 0x000000076ab00000)
  object space 112640K, 15% used [0x00000006c0000000,0x00000006c11086d0,0x00000006c6e00000)
 Metaspace       used 25745K, capacity 29273K, committed 29312K, reserved 1071104K
  class space    used 5749K, capacity 7033K, committed 7040K, reserved 1048576K
Event: 4.037 GC heap after
Heap after GC invocations=8 (full 1):
 PSYoungGen      total 274432K, used 16874K [0x000000076ab00000, 0x0000000781880000, 0x00000007c0000000)
  eden space 257536K, 0% used [0x000000076ab00000,0x000000076ab00000,0x000000077a680000)
  from space 16896K, 99% used [0x000000077a680000,0x000000077b6fa878,0x000000077b700000)
  to   space 23040K, 0% used [0x0000000780200000,0x0000000780200000,0x0000000781880000)
 ParOldGen       total 112640K, used 25404K [0x00000006c0000000, 0x00000006c6e00000, 0x000000076ab00000)
  object space 112640K, 22% used [0x00000006c0000000,0x00000006c18cf318,0x00000006c6e00000)
 Metaspace       used 25745K, capacity 29273K, committed 29312K, reserved 1071104K
  class space    used 5749K, capacity 7033K, committed 7040K, reserved 1048576K
}
Event: 4.824 GC heap before
{Heap before GC invocations=9 (full 1):
 PSYoungGen      total 274432K, used 274410K [0x000000076ab00000, 0x0000000781880000, 0x00000007c0000000)
  eden space 257536K, 100% used [0x000000076ab00000,0x000000077a680000,0x000000077a680000)
  from space 16896K, 99% used [0x000000077a680000,0x000000077b6fa878,0x000000077b700000)
  to   space 23040K, 0% used [0x0000000780200000,0x0000000780200000,0x0000000781880000)
 ParOldGen       total 112640K, used 25404K [0x00000006c0000000, 0x00000006c6e00000, 0x000000076ab00000)
  object space 112640K, 22% used [0x00000006c0000000,0x00000006c18cf318,0x00000006c6e00000)
 Metaspace       used 25823K, capacity 29337K, committed 29568K, reserved 1071104K
  class space    used 5762K, capacity 7033K, committed 7040K, reserved 1048576K
Event: 4.871 GC heap after
Heap after GC invocations=9 (full 1):
 PSYoungGen      total 343552K, used 23038K [0x000000076ab00000, 0x0000000787800000, 0x00000007c0000000)
  eden space 320512K, 0% used [0x000000076ab00000,0x000000076ab00000,0x000000077e400000)
  from space 23040K, 99% used [0x0000000780200000,0x000000078187fa88,0x0000000781880000)
  to   space 30720K, 0% used [0x000000077e400000,0x000000077e400000,0x0000000780200000)
 ParOldGen       total 112640K, used 35790K [0x00000006c0000000, 0x00000006c6e00000, 0x000000076ab00000)
  object space 112640K, 31% used [0x00000006c0000000,0x00000006c22f3898,0x00000006c6e00000)
 Metaspace       used 25823K, capacity 29337K, committed 29568K, reserved 1071104K
  class space    used 5762K, capacity 7033K, committed 7040K, reserved 1048576K
}
Event: 27.296 GC heap before
{Heap before GC invocations=10 (full 1):
 PSYoungGen      total 343552K, used 343550K [0x000000076ab00000, 0x0000000787800000, 0x00000007c0000000)
  eden space 320512K, 100% used [0x000000076ab00000,0x000000077e400000,0x000000077e400000)
  from space 23040K, 99% used [0x0000000780200000,0x000000078187fa88,0x0000000781880000)
  to   space 30720K, 0% used [0x000000077e400000,0x000000077e400000,0x0000000780200000)
 ParOldGen       total 112640K, used 35790K [0x00000006c0000000, 0x00000006c6e00000, 0x000000076ab00000)
  object space 112640K, 31% used [0x00000006c0000000,0x00000006c22f3898,0x00000006c6e00000)
 Metaspace       used 25931K, capacity 29561K, committed 29696K, reserved 1071104K
  class space    used 5775K, capacity 7097K, committed 7168K, reserved 1048576K
Event: 27.348 GC heap after
Heap after GC invocations=10 (full 1):
 PSYoungGen      total 351232K, used 24582K [0x000000076ab00000, 0x0000000788700000, 0x00000007c0000000)
  eden space 320512K, 0% used [0x000000076ab00000,0x000000076ab00000,0x000000077e400000)
  from space 30720K, 80% used [0x000000077e400000,0x000000077fc01990,0x0000000780200000)
  to   space 32768K, 0% used [0x0000000786700000,0x0000000786700000,0x0000000788700000)
 ParOldGen       total 112640K, used 45332K [0x00000006c0000000, 0x00000006c6e00000, 0x000000076ab00000)
  object space 112640K, 40% used [0x00000006c0000000,0x00000006c2c45308,0x00000006c6e00000)
 Metaspace       used 25931K, capacity 29561K, committed 29696K, reserved 1071104K
  class space    used 5775K, capacity 7097K, committed 7168K, reserved 1048576K
}
Event: 1363.288 GC heap before
{Heap before GC invocations=11 (full 1):
 PSYoungGen      total 351232K, used 345094K [0x000000076ab00000, 0x0000000788700000, 0x00000007c0000000)
  eden space 320512K, 100% used [0x000000076ab00000,0x000000077e400000,0x000000077e400000)
  from space 30720K, 80% used [0x000000077e400000,0x000000077fc01990,0x0000000780200000)
  to   space 32768K, 0% used [0x0000000786700000,0x0000000786700000,0x0000000788700000)
 ParOldGen       total 112640K, used 45332K [0x00000006c0000000, 0x00000006c6e00000, 0x000000076ab00000)
  object space 112640K, 40% used [0x00000006c0000000,0x00000006c2c45308,0x00000006c6e00000)
 Metaspace       used 27488K, capacity 31285K, committed 31488K, reserved 1073152K
  class space    used 5985K, capacity 7305K, committed 7424K, reserved 1048576K
Event: 1363.317 GC heap after
Heap after GC invocations=11 (full 1):
 PSYoungGen      total 426496K, used 18081K [0x000000076ab00000, 0x0000000787900000, 0x00000007c0000000)
  eden space 408064K, 0% used [0x000000076ab00000,0x000000076ab00000,0x0000000783980000)
  from space 18432K, 98% used [0x0000000786700000,0x00000007878a8510,0x0000000787900000)
  to   space 32256K, 0% used [0x0000000783a00000,0x0000000783a00000,0x0000000785980000)
 ParOldGen       total 112640K, used 49372K [0x00000006c0000000, 0x00000006c6e00000, 0x000000076ab00000)
  object space 112640K, 43% used [0x00000006c0000000,0x00000006c3037170,0x00000006c6e00000)
 Metaspace       used 27488K, capacity 31285K, committed 31488K, reserved 1073152K
  class space    used 5985K, capacity 7305K, committed 7424K, reserved 1048576K
}
Event: 4324.916 GC heap before
{Heap before GC invocations=12 (full 1):
 PSYoungGen      total 426496K, used 426145K [0x000000076ab00000, 0x0000000787900000, 0x00000007c0000000)
  eden space 408064K, 100% used [0x000000076ab00000,0x0000000783980000,0x0000000783980000)
  from space 18432K, 98% used [0x0000000786700000,0x00000007878a8510,0x0000000787900000)
  to   space 32256K, 0% used [0x0000000783a00000,0x0000000783a00000,0x0000000785980000)
 ParOldGen       total 112640K, used 49372K [0x00000006c0000000, 0x00000006c6e00000, 0x000000076ab00000)
  object space 112640K, 43% used [0x00000006c0000000,0x00000006c3037170,0x00000006c6e00000)
 Metaspace       used 27790K, capacity 31683K, committed 31744K, reserved 1073152K
  class space    used 6055K, capacity 7414K, committed 7424K, reserved 1048576K
Event: 4324.938 GC heap after
Heap after GC invocations=12 (full 1):
 PSYoungGen      total 440832K, used 15123K [0x000000076ab00000, 0x000000078d200000, 0x00000007c0000000)
  eden space 408576K, 0% used [0x000000076ab00000,0x000000076ab00000,0x0000000783a00000)
  from space 32256K, 46% used [0x0000000783a00000,0x00000007848c4ec0,0x0000000785980000)
  to   space 30720K, 0% used [0x000000078b400000,0x000000078b400000,0x000000078d200000)
 ParOldGen       total 112640K, used 49380K [0x00000006c0000000, 0x00000006c6e00000, 0x000000076ab00000)
  object space 112640K, 43% used [0x00000006c0000000,0x00000006c3039170,0x00000006c6e00000)
 Metaspace       used 27790K, capacity 31683K, committed 31744K, reserved 1073152K
  class space    used 6055K, capacity 7414K, committed 7424K, reserved 1048576K
}

