# JRE version: Java(TM) SE Runtime Environment (8.0_111-b14) (build 1.8.0_111-b14)
# Java VM: Java HotSpot(TM) 64-Bit Server VM (25.111-b14 mixed mode bsd-amd64 compressed oops)
Heap:
 PSYoungGen      total 488960K, used 38575K [0x000000076ab00000, 0x0000000795500000, 0x00000007c0000000)
  eden space 454656K, 1% used [0x000000076ab00000,0x000000076b1c82d0,0x0000000786700000)
  from space 34304K, 92% used [0x0000000786700000,0x00000007885e3be0,0x0000000788880000)
  to   space 37888K, 0% used [0x0000000793000000,0x0000000793000000,0x0000000795500000)
 ParOldGen       total 112640K, used 55532K [0x00000006c0000000, 0x00000006c6e00000, 0x000000076ab00000)
  object space 112640K, 49% used [0x00000006c0000000,0x00000006c363b350,0x00000006c6e00000)
 Metaspace       used 31082K, capacity 35135K, committed 35456K, reserved 1077248K
  class space    used 6583K, capacity 7990K, committed 8064K, reserved 1048576K
GC Heap History (10 events):
Event: 4.095 GC heap before
{Heap before GC invocations=8 (full 1):
 PSYoungGen      total 221696K, used 221394K [0x000000076ab00000, 0x000000077c800000, 0x00000007c0000000)
  eden space 208896K, 100% used [0x000000076ab00000,0x0000000777700000,0x0000000777700000)
  from space 12800K, 97% used [0x000000077bb80000,0x000000077c7b4978,0x000000077c800000)
  to   space 16896K, 0% used [0x000000077a700000,0x000000077a700000,0x000000077b780000)
 ParOldGen       total 112640K, used 17428K [0x00000006c0000000, 0x00000006c6e00000, 0x000000076ab00000)
  object space 112640K, 15% used [0x00000006c0000000,0x00000006c1105100,0x00000006c6e00000)
 Metaspace       used 25752K, capacity 29273K, committed 29312K, reserved 1071104K
  class space    used 5750K, capacity 7033K, committed 7040K, reserved 1048576K
Event: 4.129 GC heap after
Heap after GC invocations=8 (full 1):
 PSYoungGen      total 274944K, used 16870K [0x000000076ab00000, 0x0000000781d00000, 0x00000007c0000000)
  eden space 258048K, 0% used [0x000000076ab00000,0x000000076ab00000,0x000000077a700000)
  from space 16896K, 99% used [0x000000077a700000,0x000000077b779bc0,0x000000077b780000)
  to   space 23552K, 0% used [0x0000000780600000,0x0000000780600000,0x0000000781d00000)
 ParOldGen       total 112640K, used 25874K [0x00000006c0000000, 0x00000006c6e00000, 0x000000076ab00000)
  object space 112640K, 22% used [0x00000006c0000000,0x00000006c1944af0,0x00000006c6e00000)
 Metaspace       used 25752K, capacity 29273K, committed 29312K, reserved 1071104K
  class space    used 5750K, capacity 7033K, committed 7040K, reserved 1048576K
}
Event: 4.646 GC heap before
{Heap before GC invocations=9 (full 1):
 PSYoungGen      total 274944K, used 274918K [0x000000076ab00000, 0x0000000781d00000, 0x00000007c0000000)
  eden space 258048K, 100% used [0x000000076ab00000,0x000000077a700000,0x000000077a700000)
  from space 16896K, 99% used [0x000000077a700000,0x000000077b779bc0,0x000000077b780000)
  to   space 23552K, 0% used [0x0000000780600000,0x0000000780600000,0x0000000781d00000)
 ParOldGen       total 112640K, used 25874K [0x00000006c0000000, 0x00000006c6e00000, 0x000000076ab00000)
  object space 112640K, 22% used [0x00000006c0000000,0x00000006c1944af0,0x00000006c6e00000)
 Metaspace       used 25839K, capacity 29349K, committed 29568K, reserved 1071104K
  class space    used 5765K, capacity 7033K, committed 7040K, reserved 1048576K
Event: 4.703 GC heap after
Heap after GC invocations=9 (full 1):
 PSYoungGen      total 346112K, used 23532K [0x000000076ab00000, 0x0000000788d80000, 0x00000007c0000000)
  eden space 322560K, 0% used [0x000000076ab00000,0x000000076ab00000,0x000000077e600000)
  from space 23552K, 99% used [0x0000000780600000,0x0000000781cfb2a8,0x0000000781d00000)
  to   space 32768K, 0% used [0x000000077e600000,0x000000077e600000,0x0000000780600000)
 ParOldGen       total 112640K, used 39424K [0x00000006c0000000, 0x00000006c6e00000, 0x000000076ab00000)
  object space 112640K, 35% used [0x00000006c0000000,0x00000006c2680100,0x00000006c6e00000)
 Metaspace       used 25839K, capacity 29349K, committed 29568K, reserved 1071104K
  class space    used 5765K, capacity 7033K, committed 7040K, reserved 1048576K
}
Event: 5.301 GC heap before
{Heap before GC invocations=10 (full 1):
 PSYoungGen      total 346112K, used 346092K [0x000000076ab00000, 0x0000000788d80000, 0x00000007c0000000)
  eden space 322560K, 100% used [0x000000076ab00000,0x000000077e600000,0x000000077e600000)
  from space 23552K, 99% used [0x0000000780600000,0x0000000781cfb2a8,0x0000000781d00000)
  to   space 32768K, 0% used [0x000000077e600000,0x000000077e600000,0x0000000780600000)
 ParOldGen       total 112640K, used 39424K [0x00000006c0000000, 0x00000006c6e00000, 0x000000076ab00000)
  object space 112640K, 35% used [0x00000006c0000000,0x00000006c2680100,0x00000006c6e00000)
 Metaspace       used 25856K, capacity 29381K, committed 29696K, reserved 1071104K
  class space    used 5767K, capacity 7065K, committed 7168K, reserved 1048576K
Event: 5.354 GC heap after
Heap after GC invocations=10 (full 1):
 PSYoungGen      total 355328K, used 25156K [0x000000076ab00000, 0x000000078ab00000, 0x00000007c0000000)
  eden space 322560K, 0% used [0x000000076ab00000,0x000000076ab00000,0x000000077e600000)
  from space 32768K, 76% used [0x000000077e600000,0x000000077fe91380,0x0000000780600000)
  to   space 34816K, 0% used [0x0000000788900000,0x0000000788900000,0x000000078ab00000)
 ParOldGen       total 112640K, used 49219K [0x00000006c0000000, 0x00000006c6e00000, 0x000000076ab00000)
  object space 112640K, 43% used [0x00000006c0000000,0x00000006c3010cc8,0x00000006c6e00000)
 Metaspace       used 25856K, capacity 29381K, committed 29696K, reserved 1071104K
  class space    used 5767K, capacity 7065K, committed 7168K, reserved 1048576K
}
Event: 5.897 GC heap before
{Heap before GC invocations=11 (full 1):
 PSYoungGen      total 355328K, used 347716K [0x000000076ab00000, 0x000000078ab00000, 0x00000007c0000000)
  eden space 322560K, 100% used [0x000000076ab00000,0x000000077e600000,0x000000077e600000)
  from space 32768K, 76% used [0x000000077e600000,0x000000077fe91380,0x0000000780600000)
  to   space 34816K, 0% used [0x0000000788900000,0x0000000788900000,0x000000078ab00000)
 ParOldGen       total 112640K, used 49219K [0x00000006c0000000, 0x00000006c6e00000, 0x000000076ab00000)
  object space 112640K, 43% used [0x00000006c0000000,0x00000006c3010cc8,0x00000006c6e00000)
 Metaspace       used 25926K, capacity 29541K, committed 29696K, reserved 1071104K
  class space    used 5775K, capacity 7097K, committed 7168K, reserved 1048576K
Event: 5.932 GC heap after
Heap after GC invocations=11 (full 1):
 PSYoungGen      total 488448K, used 19684K [0x000000076ab00000, 0x000000078aa00000, 0x00000007c0000000)
  eden space 454656K, 0% used [0x000000076ab00000,0x000000076ab00000,0x0000000786700000)
  from space 33792K, 58% used [0x0000000788900000,0x0000000789c39230,0x000000078aa00000)
  to   space 34304K, 0% used [0x0000000786700000,0x0000000786700000,0x0000000788880000)
 ParOldGen       total 112640K, used 52356K [0x00000006c0000000, 0x00000006c6e00000, 0x000000076ab00000)
  object space 112640K, 46% used [0x00000006c0000000,0x00000006c33211b0,0x00000006c6e00000)
 Metaspace       used 25926K, capacity 29541K, committed 29696K, reserved 1071104K
  class space    used 5775K, capacity 7097K, committed 7168K, reserved 1048576K
}
Event: 981.021 GC heap before
{Heap before GC invocations=12 (full 1):
 PSYoungGen      total 488448K, used 474340K [0x000000076ab00000, 0x000000078aa00000, 0x00000007c0000000)
  eden space 454656K, 100% used [0x000000076ab00000,0x0000000786700000,0x0000000786700000)
  from space 33792K, 58% used [0x0000000788900000,0x0000000789c39230,0x000000078aa00000)
  to   space 34304K, 0% used [0x0000000786700000,0x0000000786700000,0x0000000788880000)
 ParOldGen       total 112640K, used 52356K [0x00000006c0000000, 0x00000006c6e00000, 0x000000076ab00000)
  object space 112640K, 46% used [0x00000006c0000000,0x00000006c33211b0,0x00000006c6e00000)
 Metaspace       used 31081K, capacity 35135K, committed 35456K, reserved 1077248K
  class space    used 6583K, capacity 7990K, committed 8064K, reserved 1048576K
Event: 981.055 GC heap after
Heap after GC invocations=12 (full 1):
 PSYoungGen      total 488960K, used 31630K [0x000000076ab00000, 0x0000000795500000, 0x00000007c0000000)
  eden space 454656K, 0% used [0x000000076ab00000,0x000000076ab00000,0x0000000786700000)
  from space 34304K, 92% used [0x0000000786700000,0x00000007885e3be0,0x0000000788880000)
  to   space 37888K, 0% used [0x0000000793000000,0x0000000793000000,0x0000000795500000)
 ParOldGen       total 112640K, used 55532K [0x00000006c0000000, 0x00000006c6e00000, 0x000000076ab00000)
  object space 112640K, 49% used [0x00000006c0000000,0x00000006c363b350,0x00000006c6e00000)
 Metaspace       used 31081K, capacity 35135K, committed 35456K, reserved 1077248K
  class space    used 6583K, capacity 7990K, committed 8064K, reserved 1048576K
}

