# JRE version: Java(TM) SE Runtime Environment (8.0_111-b14) (build 1.8.0_111-b14)
# Java VM: Java HotSpot(TM) 64-Bit Server VM (25.111-b14 mixed mode bsd-amd64 compressed oops)
Heap:
 PSYoungGen      total 351232K, used 302965K [0x000000076ab00000, 0x0000000788b00000, 0x00000007c0000000)
  eden space 320000K, 86% used [0x000000076ab00000,0x000000077b919958,0x000000077e380000)
  from space 31232K, 84% used [0x000000077e380000,0x000000077fd43cf8,0x0000000780200000)
  to   space 33792K, 0% used [0x0000000786a00000,0x0000000786a00000,0x0000000788b00000)
 ParOldGen       total 112128K, used 44984K [0x00000006c0000000, 0x00000006c6d80000, 0x000000076ab00000)
  object space 112128K, 40% used [0x00000006c0000000,0x00000006c2bee0e8,0x00000006c6d80000)
 Metaspace       used 30622K, capacity 34487K, committed 34688K, reserved 1077248K
  class space    used 6436K, capacity 7778K, committed 7808K, reserved 1048576K
GC Heap History (10 events):
Event: 2.742 GC heap before
{Heap before GC invocations=6 (full 1):
 PSYoungGen      total 141824K, used 10720K [0x000000076ab00000, 0x000000077cc00000, 0x00000007c0000000)
  eden space 131072K, 0% used [0x000000076ab00000,0x000000076ab00000,0x0000000772b00000)
  from space 10752K, 99% used [0x0000000772b00000,0x0000000773578020,0x0000000773580000)
  to   space 16896K, 0% used [0x000000077bb80000,0x000000077bb80000,0x000000077cc00000)
 ParOldGen       total 175104K, used 6873K [0x00000006c0000000, 0x00000006cab00000, 0x000000076ab00000)
  object space 175104K, 3% used [0x00000006c0000000,0x00000006c06b67b8,0x00000006cab00000)
 Metaspace       used 18351K, capacity 21171K, committed 21296K, reserved 1064960K
  class space    used 4484K, capacity 5503K, committed 5504K, reserved 1048576K
Event: 2.822 GC heap after
Heap after GC invocations=6 (full 1):
 PSYoungGen      total 141824K, used 0K [0x000000076ab00000, 0x000000077cc00000, 0x00000007c0000000)
  eden space 131072K, 0% used [0x000000076ab00000,0x000000076ab00000,0x0000000772b00000)
  from space 10752K, 0% used [0x0000000772b00000,0x0000000772b00000,0x0000000773580000)
  to   space 16896K, 0% used [0x000000077bb80000,0x000000077bb80000,0x000000077cc00000)
 ParOldGen       total 112128K, used 17305K [0x00000006c0000000, 0x00000006c6d80000, 0x000000076ab00000)
  object space 112128K, 15% used [0x00000006c0000000,0x00000006c10e6780,0x00000006c6d80000)
 Metaspace       used 18351K, capacity 21171K, committed 21296K, reserved 1064960K
  class space    used 4484K, capacity 5503K, committed 5504K, reserved 1048576K
}
Event: 3.518 GC heap before
{Heap before GC invocations=7 (full 1):
 PSYoungGen      total 141824K, used 131072K [0x000000076ab00000, 0x000000077cc00000, 0x00000007c0000000)
  eden space 131072K, 100% used [0x000000076ab00000,0x0000000772b00000,0x0000000772b00000)
  from space 10752K, 0% used [0x0000000772b00000,0x0000000772b00000,0x0000000773580000)
  to   space 16896K, 0% used [0x000000077bb80000,0x000000077bb80000,0x000000077cc00000)
 ParOldGen       total 112128K, used 17305K [0x00000006c0000000, 0x00000006c6d80000, 0x000000076ab00000)
  object space 112128K, 15% used [0x00000006c0000000,0x00000006c10e6780,0x00000006c6d80000)
 Metaspace       used 25386K, capacity 28845K, committed 29056K, reserved 1071104K
  class space    used 5689K, capacity 6978K, committed 7040K, reserved 1048576K
Event: 3.532 GC heap after
Heap after GC invocations=7 (full 1):
 PSYoungGen      total 220160K, used 12661K [0x000000076ab00000, 0x000000077c800000, 0x00000007c0000000)
  eden space 207360K, 0% used [0x000000076ab00000,0x000000076ab00000,0x0000000777580000)
  from space 12800K, 98% used [0x000000077bb80000,0x000000077c7dd768,0x000000077c800000)
  to   space 16896K, 0% used [0x000000077a700000,0x000000077a700000,0x000000077b780000)
 ParOldGen       total 112128K, used 17313K [0x00000006c0000000, 0x00000006c6d80000, 0x000000076ab00000)
  object space 112128K, 15% used [0x00000006c0000000,0x00000006c10e8780,0x00000006c6d80000)
 Metaspace       used 25386K, capacity 28845K, committed 29056K, reserved 1071104K
  class space    used 5689K, capacity 6978K, committed 7040K, reserved 1048576K
}
Event: 4.387 GC heap before
{Heap before GC invocations=8 (full 1):
 PSYoungGen      total 220160K, used 220021K [0x000000076ab00000, 0x000000077c800000, 0x00000007c0000000)
  eden space 207360K, 100% used [0x000000076ab00000,0x0000000777580000,0x0000000777580000)
  from space 12800K, 98% used [0x000000077bb80000,0x000000077c7dd768,0x000000077c800000)
  to   space 16896K, 0% used [0x000000077a700000,0x000000077a700000,0x000000077b780000)
 ParOldGen       total 112128K, used 17313K [0x00000006c0000000, 0x00000006c6d80000, 0x000000076ab00000)
  object space 112128K, 15% used [0x00000006c0000000,0x00000006c10e8780,0x00000006c6d80000)
 Metaspace       used 25742K, capacity 29273K, committed 29312K, reserved 1071104K
  class space    used 5750K, capacity 7033K, committed 7040K, reserved 1048576K
Event: 4.422 GC heap after
Heap after GC invocations=8 (full 1):
 PSYoungGen      total 274944K, used 16887K [0x000000076ab00000, 0x0000000781900000, 0x00000007c0000000)
  eden space 258048K, 0% used [0x000000076ab00000,0x000000076ab00000,0x000000077a700000)
  from space 16896K, 99% used [0x000000077a700000,0x000000077b77dff8,0x000000077b780000)
  to   space 23552K, 0% used [0x0000000780200000,0x0000000780200000,0x0000000781900000)
 ParOldGen       total 112128K, used 25354K [0x00000006c0000000, 0x00000006c6d80000, 0x000000076ab00000)
  object space 112128K, 22% used [0x00000006c0000000,0x00000006c18c28e0,0x00000006c6d80000)
 Metaspace       used 25742K, capacity 29273K, committed 29312K, reserved 1071104K
  class space    used 5750K, capacity 7033K, committed 7040K, reserved 1048576K
}
Event: 5.314 GC heap before
{Heap before GC invocations=9 (full 1):
 PSYoungGen      total 274944K, used 274935K [0x000000076ab00000, 0x0000000781900000, 0x00000007c0000000)
  eden space 258048K, 100% used [0x000000076ab00000,0x000000077a700000,0x000000077a700000)
  from space 16896K, 99% used [0x000000077a700000,0x000000077b77dff8,0x000000077b780000)
  to   space 23552K, 0% used [0x0000000780200000,0x0000000780200000,0x0000000781900000)
 ParOldGen       total 112128K, used 25354K [0x00000006c0000000, 0x00000006c6d80000, 0x000000076ab00000)
  object space 112128K, 22% used [0x00000006c0000000,0x00000006c18c28e0,0x00000006c6d80000)
 Metaspace       used 25818K, capacity 29369K, committed 29696K, reserved 1071104K
  class space    used 5763K, capacity 7065K, committed 7168K, reserved 1048576K
Event: 5.368 GC heap after
Heap after GC invocations=9 (full 1):
 PSYoungGen      total 343552K, used 23549K [0x000000076ab00000, 0x0000000787d00000, 0x00000007c0000000)
  eden space 320000K, 0% used [0x000000076ab00000,0x000000076ab00000,0x000000077e380000)
  from space 23552K, 99% used [0x0000000780200000,0x00000007818ff6a8,0x0000000781900000)
  to   space 31232K, 0% used [0x000000077e380000,0x000000077e380000,0x0000000780200000)
 ParOldGen       total 112128K, used 35183K [0x00000006c0000000, 0x00000006c6d80000, 0x000000076ab00000)
  object space 112128K, 31% used [0x00000006c0000000,0x00000006c225bc58,0x00000006c6d80000)
 Metaspace       used 25818K, capacity 29369K, committed 29696K, reserved 1071104K
  class space    used 5763K, capacity 7065K, committed 7168K, reserved 1048576K
}
Event: 20.778 GC heap before
{Heap before GC invocations=10 (full 1):
 PSYoungGen      total 343552K, used 343549K [0x000000076ab00000, 0x0000000787d00000, 0x00000007c0000000)
  eden space 320000K, 100% used [0x000000076ab00000,0x000000077e380000,0x000000077e380000)
  from space 23552K, 99% used [0x0000000780200000,0x00000007818ff6a8,0x0000000781900000)
  to   space 31232K, 0% used [0x000000077e380000,0x000000077e380000,0x0000000780200000)
 ParOldGen       total 112128K, used 35183K [0x00000006c0000000, 0x00000006c6d80000, 0x000000076ab00000)
  object space 112128K, 31% used [0x00000006c0000000,0x00000006c225bc58,0x00000006c6d80000)
 Metaspace       used 25916K, capacity 29517K, committed 29696K, reserved 1071104K
  class space    used 5772K, capacity 7065K, committed 7168K, reserved 1048576K
Event: 20.825 GC heap after
Heap after GC invocations=10 (full 1):
 PSYoungGen      total 351232K, used 26383K [0x000000076ab00000, 0x0000000788b00000, 0x00000007c0000000)
  eden space 320000K, 0% used [0x000000076ab00000,0x000000076ab00000,0x000000077e380000)
  from space 31232K, 84% used [0x000000077e380000,0x000000077fd43cf8,0x0000000780200000)
  to   space 33792K, 0% used [0x0000000786a00000,0x0000000786a00000,0x0000000788b00000)
 ParOldGen       total 112128K, used 44984K [0x00000006c0000000, 0x00000006c6d80000, 0x000000076ab00000)
  object space 112128K, 40% used [0x00000006c0000000,0x00000006c2bee0e8,0x00000006c6d80000)
 Metaspace       used 25916K, capacity 29517K, committed 29696K, reserved 1071104K
  class space    used 5772K, capacity 7065K, committed 7168K, reserved 1048576K
}

