# JRE version: Java(TM) SE Runtime Environment (8.0_111-b14) (build 1.8.0_111-b14)
# Java VM: Java HotSpot(TM) 64-Bit Server VM (25.111-b14 mixed mode bsd-amd64 compressed oops)
Heap:
 PSYoungGen      total 592896K, used 174130K [0x000000076ab00000, 0x000000079d680000, 0x00000007c0000000)
  eden space 548864K, 28% used [0x000000076ab00000,0x00000007741862c0,0x000000078c300000)
  from space 44032K, 45% used [0x000000078c300000,0x000000078d686890,0x000000078ee00000)
  to   space 88576K, 0% used [0x0000000798000000,0x0000000798000000,0x000000079d680000)
 ParOldGen       total 328192K, used 134184K [0x00000006c0000000, 0x00000006d4080000, 0x000000076ab00000)
  object space 328192K, 40% used [0x00000006c0000000,0x00000006c830a220,0x00000006d4080000)
 Metaspace       used 31197K, capacity 35401K, committed 35496K, reserved 1077248K
  class space    used 6635K, capacity 8065K, committed 8104K, reserved 1048576K
GC Heap History (10 events):
Event: 4.651 GC heap before
{Heap before GC invocations=7 (full 1):
 PSYoungGen      total 272896K, used 272867K [0x000000076ab00000, 0x0000000785300000, 0x00000007c0000000)
  eden space 262144K, 100% used [0x000000076ab00000,0x000000077ab00000,0x000000077ab00000)
  from space 10752K, 99% used [0x000000077ab00000,0x000000077b578e68,0x000000077b580000)
  to   space 24064K, 0% used [0x0000000783b80000,0x0000000783b80000,0x0000000785300000)
 ParOldGen       total 121856K, used 28718K [0x00000006c0000000, 0x00000006c7700000, 0x000000076ab00000)
  object space 121856K, 23% used [0x00000006c0000000,0x00000006c1c0ba70,0x00000006c7700000)
 Metaspace       used 25816K, capacity 29369K, committed 29696K, reserved 1071104K
  class space    used 5763K, capacity 7065K, committed 7168K, reserved 1048576K
Event: 4.699 GC heap after
Heap after GC invocations=7 (full 1):
 PSYoungGen      total 400384K, used 24044K [0x000000076ab00000, 0x0000000787380000, 0x00000007c0000000)
  eden space 376320K, 0% used [0x000000076ab00000,0x000000076ab00000,0x0000000781a80000)
  from space 24064K, 99% used [0x0000000783b80000,0x00000007852fb3a0,0x0000000785300000)
  to   space 33792K, 0% used [0x0000000781a80000,0x0000000781a80000,0x0000000783b80000)
 ParOldGen       total 121856K, used 38215K [0x00000006c0000000, 0x00000006c7700000, 0x000000076ab00000)
  object space 121856K, 31% used [0x00000006c0000000,0x00000006c2551fa0,0x00000006c7700000)
 Metaspace       used 25816K, capacity 29369K, committed 29696K, reserved 1071104K
  class space    used 5763K, capacity 7065K, committed 7168K, reserved 1048576K
}
Event: 7.176 GC heap before
{Heap before GC invocations=8 (full 1):
 PSYoungGen      total 400384K, used 400364K [0x000000076ab00000, 0x0000000787380000, 0x00000007c0000000)
  eden space 376320K, 100% used [0x000000076ab00000,0x0000000781a80000,0x0000000781a80000)
  from space 24064K, 99% used [0x0000000783b80000,0x00000007852fb3a0,0x0000000785300000)
  to   space 33792K, 0% used [0x0000000781a80000,0x0000000781a80000,0x0000000783b80000)
 ParOldGen       total 121856K, used 38215K [0x00000006c0000000, 0x00000006c7700000, 0x000000076ab00000)
  object space 121856K, 31% used [0x00000006c0000000,0x00000006c2551fa0,0x00000006c7700000)
 Metaspace       used 25911K, capacity 29477K, committed 29696K, reserved 1071104K
  class space    used 5778K, capacity 7097K, committed 7168K, reserved 1048576K
Event: 7.233 GC heap after
Heap after GC invocations=8 (full 1):
 PSYoungGen      total 410112K, used 33782K [0x000000076ab00000, 0x0000000792300000, 0x00000007c0000000)
  eden space 376320K, 0% used [0x000000076ab00000,0x000000076ab00000,0x0000000781a80000)
  from space 33792K, 99% used [0x0000000781a80000,0x0000000783b7d850,0x0000000783b80000)
  to   space 41472K, 0% used [0x000000078fa80000,0x000000078fa80000,0x0000000792300000)
 ParOldGen       total 121856K, used 40861K [0x00000006c0000000, 0x00000006c7700000, 0x000000076ab00000)
  object space 121856K, 33% used [0x00000006c0000000,0x00000006c27e76d8,0x00000006c7700000)
 Metaspace       used 25911K, capacity 29477K, committed 29696K, reserved 1071104K
  class space    used 5778K, capacity 7097K, committed 7168K, reserved 1048576K
}
Event: 522.515 GC heap before
{Heap before GC invocations=9 (full 1):
 PSYoungGen      total 410112K, used 410102K [0x000000076ab00000, 0x0000000792300000, 0x00000007c0000000)
  eden space 376320K, 100% used [0x000000076ab00000,0x0000000781a80000,0x0000000781a80000)
  from space 33792K, 99% used [0x0000000781a80000,0x0000000783b7d850,0x0000000783b80000)
  to   space 41472K, 0% used [0x000000078fa80000,0x000000078fa80000,0x0000000792300000)
 ParOldGen       total 121856K, used 40861K [0x00000006c0000000, 0x00000006c7700000, 0x000000076ab00000)
  object space 121856K, 33% used [0x00000006c0000000,0x00000006c27e76d8,0x00000006c7700000)
 Metaspace       used 26385K, capacity 30017K, committed 30208K, reserved 1073152K
  class space    used 5852K, capacity 7165K, committed 7168K, reserved 1048576K
Event: 522.557 GC heap after
Heap after GC invocations=9 (full 1):
 PSYoungGen      total 568832K, used 30982K [0x000000076ab00000, 0x0000000791900000, 0x00000007c0000000)
  eden space 537600K, 0% used [0x000000076ab00000,0x000000076ab00000,0x000000078b800000)
  from space 31232K, 99% used [0x000000078fa80000,0x00000007918c18a8,0x0000000791900000)
  to   space 44032K, 0% used [0x000000078c300000,0x000000078c300000,0x000000078ee00000)
 ParOldGen       total 121856K, used 40869K [0x00000006c0000000, 0x00000006c7700000, 0x000000076ab00000)
  object space 121856K, 33% used [0x00000006c0000000,0x00000006c27e96d8,0x00000006c7700000)
 Metaspace       used 26385K, capacity 30017K, committed 30208K, reserved 1073152K
  class space    used 5852K, capacity 7165K, committed 7168K, reserved 1048576K
}
Event: 2493.072 GC heap before
{Heap before GC invocations=10 (full 1):
 PSYoungGen      total 568832K, used 567986K [0x000000076ab00000, 0x0000000791900000, 0x00000007c0000000)
  eden space 537600K, 99% used [0x000000076ab00000,0x000000078b76b218,0x000000078b800000)
  from space 31232K, 99% used [0x000000078fa80000,0x00000007918c18a8,0x0000000791900000)
  to   space 44032K, 0% used [0x000000078c300000,0x000000078c300000,0x000000078ee00000)
 ParOldGen       total 121856K, used 40869K [0x00000006c0000000, 0x00000006c7700000, 0x000000076ab00000)
  object space 121856K, 33% used [0x00000006c0000000,0x00000006c27e96d8,0x00000006c7700000)
 Metaspace       used 31210K, capacity 35425K, committed 35496K, reserved 1077248K
  class space    used 6639K, capacity 8073K, committed 8104K, reserved 1048576K
Event: 2493.150 GC heap after
Heap after GC invocations=10 (full 1):
 PSYoungGen      total 592896K, used 44024K [0x000000076ab00000, 0x000000079d680000, 0x00000007c0000000)
  eden space 548864K, 0% used [0x000000076ab00000,0x000000076ab00000,0x000000078c300000)
  from space 44032K, 99% used [0x000000078c300000,0x000000078edfe040,0x000000078ee00000)
  to   space 88576K, 0% used [0x0000000798000000,0x0000000798000000,0x000000079d680000)
 ParOldGen       total 134656K, used 134406K [0x00000006c0000000, 0x00000006c8380000, 0x000000076ab00000)
  object space 134656K, 99% used [0x00000006c0000000,0x00000006c8341ab8,0x00000006c8380000)
 Metaspace       used 31210K, capacity 35425K, committed 35496K, reserved 1077248K
  class space    used 6639K, capacity 8073K, committed 8104K, reserved 1048576K
}
Event: 2493.150 GC heap before
{Heap before GC invocations=11 (full 2):
 PSYoungGen      total 592896K, used 44024K [0x000000076ab00000, 0x000000079d680000, 0x00000007c0000000)
  eden space 548864K, 0% used [0x000000076ab00000,0x000000076ab00000,0x000000078c300000)
  from space 44032K, 99% used [0x000000078c300000,0x000000078edfe040,0x000000078ee00000)
  to   space 88576K, 0% used [0x0000000798000000,0x0000000798000000,0x000000079d680000)
 ParOldGen       total 134656K, used 134406K [0x00000006c0000000, 0x00000006c8380000, 0x000000076ab00000)
  object space 134656K, 99% used [0x00000006c0000000,0x00000006c8341ab8,0x00000006c8380000)
 Metaspace       used 31210K, capacity 35425K, committed 35496K, reserved 1077248K
  class space    used 6639K, capacity 8073K, committed 8104K, reserved 1048576K
Event: 2493.396 GC heap after
Heap after GC invocations=11 (full 2):
 PSYoungGen      total 592896K, used 19994K [0x000000076ab00000, 0x000000079d680000, 0x00000007c0000000)
  eden space 548864K, 0% used [0x000000076ab00000,0x000000076ab00000,0x000000078c300000)
  from space 44032K, 45% used [0x000000078c300000,0x000000078d686890,0x000000078ee00000)
  to   space 88576K, 0% used [0x0000000798000000,0x0000000798000000,0x000000079d680000)
 ParOldGen       total 328192K, used 134184K [0x00000006c0000000, 0x00000006d4080000, 0x000000076ab00000)
  object space 328192K, 40% used [0x00000006c0000000,0x00000006c830a220,0x00000006d4080000)
 Metaspace       used 31197K, capacity 35401K, committed 35496K, reserved 1077248K
  class space    used 6635K, capacity 8065K, committed 8104K, reserved 1048576K
}

