# JRE version: Java(TM) SE Runtime Environment (8.0_111-b14) (build 1.8.0_111-b14)
# Java VM: Java HotSpot(TM) 64-Bit Server VM (25.111-b14 mixed mode bsd-amd64 compressed oops)
Heap:
 PSYoungGen      total 436224K, used 29113K [0x000000076ab00000, 0x0000000788380000, 0x00000007c0000000)
  eden space 412672K, 1% used [0x000000076ab00000,0x000000076b0b7c48,0x0000000783e00000)
  from space 23552K, 98% used [0x0000000786c80000,0x0000000788336aa0,0x0000000788380000)
  to   space 34816K, 0% used [0x0000000783f80000,0x0000000783f80000,0x0000000786180000)
 ParOldGen       total 113152K, used 48501K [0x00000006c0000000, 0x00000006c6e80000, 0x000000076ab00000)
  object space 113152K, 42% used [0x00000006c0000000,0x00000006c2f5d7d0,0x00000006c6e80000)
 Metaspace       used 30650K, capacity 34589K, committed 34688K, reserved 1077248K
  class space    used 6446K, capacity 7808K, committed 7808K, reserved 1048576K
GC Heap History (10 events):
Event: 3.375 GC heap before
{Heap before GC invocations=7 (full 1):
 PSYoungGen      total 141824K, used 131072K [0x000000076ab00000, 0x000000077cc00000, 0x00000007c0000000)
  eden space 131072K, 100% used [0x000000076ab00000,0x0000000772b00000,0x0000000772b00000)
  from space 10752K, 0% used [0x0000000772b00000,0x0000000772b00000,0x0000000773580000)
  to   space 16896K, 0% used [0x000000077bb80000,0x000000077bb80000,0x000000077cc00000)
 ParOldGen       total 113152K, used 17443K [0x00000006c0000000, 0x00000006c6e80000, 0x000000076ab00000)
  object space 113152K, 15% used [0x00000006c0000000,0x00000006c1108e60,0x00000006c6e80000)
 Metaspace       used 25516K, capacity 29017K, committed 29312K, reserved 1071104K
  class space    used 5733K, capacity 7014K, committed 7040K, reserved 1048576K
Event: 3.390 GC heap after
Heap after GC invocations=7 (full 1):
 PSYoungGen      total 219648K, used 12665K [0x000000076ab00000, 0x000000077c800000, 0x00000007c0000000)
  eden space 206848K, 0% used [0x000000076ab00000,0x000000076ab00000,0x0000000777500000)
  from space 12800K, 98% used [0x000000077bb80000,0x000000077c7de788,0x000000077c800000)
  to   space 17408K, 0% used [0x000000077a600000,0x000000077a600000,0x000000077b700000)
 ParOldGen       total 113152K, used 17451K [0x00000006c0000000, 0x00000006c6e80000, 0x000000076ab00000)
  object space 113152K, 15% used [0x00000006c0000000,0x00000006c110ae60,0x00000006c6e80000)
 Metaspace       used 25516K, capacity 29017K, committed 29312K, reserved 1071104K
  class space    used 5733K, capacity 7014K, committed 7040K, reserved 1048576K
}
Event: 4.168 GC heap before
{Heap before GC invocations=8 (full 1):
 PSYoungGen      total 219648K, used 219513K [0x000000076ab00000, 0x000000077c800000, 0x00000007c0000000)
  eden space 206848K, 100% used [0x000000076ab00000,0x0000000777500000,0x0000000777500000)
  from space 12800K, 98% used [0x000000077bb80000,0x000000077c7de788,0x000000077c800000)
  to   space 17408K, 0% used [0x000000077a600000,0x000000077a600000,0x000000077b700000)
 ParOldGen       total 113152K, used 17451K [0x00000006c0000000, 0x00000006c6e80000, 0x000000076ab00000)
  object space 113152K, 15% used [0x00000006c0000000,0x00000006c110ae60,0x00000006c6e80000)
 Metaspace       used 25731K, capacity 29277K, committed 29312K, reserved 1071104K
  class space    used 5750K, capacity 7033K, committed 7040K, reserved 1048576K
Event: 4.203 GC heap after
Heap after GC invocations=8 (full 1):
 PSYoungGen      total 274432K, used 17402K [0x000000076ab00000, 0x0000000781880000, 0x00000007c0000000)
  eden space 257024K, 0% used [0x000000076ab00000,0x000000076ab00000,0x000000077a600000)
  from space 17408K, 99% used [0x000000077a600000,0x000000077b6fe830,0x000000077b700000)
  to   space 23552K, 0% used [0x0000000780180000,0x0000000780180000,0x0000000781880000)
 ParOldGen       total 113152K, used 25136K [0x00000006c0000000, 0x00000006c6e80000, 0x000000076ab00000)
  object space 113152K, 22% used [0x00000006c0000000,0x00000006c188c388,0x00000006c6e80000)
 Metaspace       used 25731K, capacity 29277K, committed 29312K, reserved 1071104K
  class space    used 5750K, capacity 7033K, committed 7040K, reserved 1048576K
}
Event: 4.987 GC heap before
{Heap before GC invocations=9 (full 1):
 PSYoungGen      total 274432K, used 274426K [0x000000076ab00000, 0x0000000781880000, 0x00000007c0000000)
  eden space 257024K, 100% used [0x000000076ab00000,0x000000077a600000,0x000000077a600000)
  from space 17408K, 99% used [0x000000077a600000,0x000000077b6fe830,0x000000077b700000)
  to   space 23552K, 0% used [0x0000000780180000,0x0000000780180000,0x0000000781880000)
 ParOldGen       total 113152K, used 25136K [0x00000006c0000000, 0x00000006c6e80000, 0x000000076ab00000)
  object space 113152K, 22% used [0x00000006c0000000,0x00000006c188c388,0x00000006c6e80000)
 Metaspace       used 25804K, capacity 29277K, committed 29312K, reserved 1071104K
  class space    used 5762K, capacity 7033K, committed 7040K, reserved 1048576K
Event: 5.037 GC heap after
Heap after GC invocations=9 (full 1):
 PSYoungGen      total 343040K, used 23550K [0x000000076ab00000, 0x0000000787c80000, 0x00000007c0000000)
  eden space 319488K, 0% used [0x000000076ab00000,0x000000076ab00000,0x000000077e300000)
  from space 23552K, 99% used [0x0000000780180000,0x000000078187fb08,0x0000000781880000)
  to   space 31232K, 0% used [0x000000077e300000,0x000000077e300000,0x0000000780180000)
 ParOldGen       total 113152K, used 34918K [0x00000006c0000000, 0x00000006c6e80000, 0x000000076ab00000)
  object space 113152K, 30% used [0x00000006c0000000,0x00000006c22198f0,0x00000006c6e80000)
 Metaspace       used 25804K, capacity 29277K, committed 29312K, reserved 1071104K
  class space    used 5762K, capacity 7033K, committed 7040K, reserved 1048576K
}
Event: 11.055 GC heap before
{Heap before GC invocations=10 (full 1):
 PSYoungGen      total 343040K, used 343038K [0x000000076ab00000, 0x0000000787c80000, 0x00000007c0000000)
  eden space 319488K, 100% used [0x000000076ab00000,0x000000077e300000,0x000000077e300000)
  from space 23552K, 99% used [0x0000000780180000,0x000000078187fb08,0x0000000781880000)
  to   space 31232K, 0% used [0x000000077e300000,0x000000077e300000,0x0000000780180000)
 ParOldGen       total 113152K, used 34918K [0x00000006c0000000, 0x00000006c6e80000, 0x000000076ab00000)
  object space 113152K, 30% used [0x00000006c0000000,0x00000006c22198f0,0x00000006c6e80000)
 Metaspace       used 25901K, capacity 29449K, committed 29696K, reserved 1071104K
  class space    used 5771K, capacity 7065K, committed 7168K, reserved 1048576K
Event: 11.108 GC heap after
Heap after GC invocations=10 (full 1):
 PSYoungGen      total 350720K, used 25975K [0x000000076ab00000, 0x0000000788d80000, 0x00000007c0000000)
  eden space 319488K, 0% used [0x000000076ab00000,0x000000076ab00000,0x000000077e300000)
  from space 31232K, 83% used [0x000000077e300000,0x000000077fc5ded8,0x0000000780180000)
  to   space 33792K, 0% used [0x0000000786c80000,0x0000000786c80000,0x0000000788d80000)
 ParOldGen       total 113152K, used 44746K [0x00000006c0000000, 0x00000006c6e80000, 0x000000076ab00000)
  object space 113152K, 39% used [0x00000006c0000000,0x00000006c2bb2970,0x00000006c6e80000)
 Metaspace       used 25901K, capacity 29449K, committed 29696K, reserved 1071104K
  class space    used 5771K, capacity 7065K, committed 7168K, reserved 1048576K
}
Event: 671.957 GC heap before
{Heap before GC invocations=11 (full 1):
 PSYoungGen      total 350720K, used 345463K [0x000000076ab00000, 0x0000000788d80000, 0x00000007c0000000)
  eden space 319488K, 100% used [0x000000076ab00000,0x000000077e300000,0x000000077e300000)
  from space 31232K, 83% used [0x000000077e300000,0x000000077fc5ded8,0x0000000780180000)
  to   space 33792K, 0% used [0x0000000786c80000,0x0000000786c80000,0x0000000788d80000)
 ParOldGen       total 113152K, used 44746K [0x00000006c0000000, 0x00000006c6e80000, 0x000000076ab00000)
  object space 113152K, 39% used [0x00000006c0000000,0x00000006c2bb2970,0x00000006c6e80000)
 Metaspace       used 30650K, capacity 34589K, committed 34688K, reserved 1077248K
  class space    used 6446K, capacity 7808K, committed 7808K, reserved 1048576K
Event: 671.999 GC heap after
Heap after GC invocations=11 (full 1):
 PSYoungGen      total 436224K, used 23258K [0x000000076ab00000, 0x0000000788380000, 0x00000007c0000000)
  eden space 412672K, 0% used [0x000000076ab00000,0x000000076ab00000,0x0000000783e00000)
  from space 23552K, 98% used [0x0000000786c80000,0x0000000788336aa0,0x0000000788380000)
  to   space 34816K, 0% used [0x0000000783f80000,0x0000000783f80000,0x0000000786180000)
 ParOldGen       total 113152K, used 48501K [0x00000006c0000000, 0x00000006c6e80000, 0x000000076ab00000)
  object space 113152K, 42% used [0x00000006c0000000,0x00000006c2f5d7d0,0x00000006c6e80000)
 Metaspace       used 30650K, capacity 34589K, committed 34688K, reserved 1077248K
  class space    used 6446K, capacity 7808K, committed 7808K, reserved 1048576K
}

