# JRE version: Java(TM) SE Runtime Environment (8.0_111-b14) (build 1.8.0_111-b14)
# Java VM: Java HotSpot(TM) 64-Bit Server VM (25.111-b14 mixed mode bsd-amd64 compressed oops)
Heap:
 PSYoungGen      total 471040K, used 2757K [0x000000076ab00000, 0x000000078a480000, 0x00000007c0000000)
  eden space 449536K, 0% used [0x000000076ab00000,0x000000076adb17b8,0x0000000786200000)
  from space 21504K, 0% used [0x0000000788f80000,0x0000000788f80000,0x000000078a480000)
  to   space 33280K, 0% used [0x0000000786380000,0x0000000786380000,0x0000000788400000)
 ParOldGen       total 206848K, used 50054K [0x00000006c0000000, 0x00000006cca00000, 0x000000076ab00000)
  object space 206848K, 24% used [0x00000006c0000000,0x00000006c30e19b8,0x00000006cca00000)
 Metaspace       used 31228K, capacity 35341K, committed 35496K, reserved 1077248K
  class space    used 6638K, capacity 8055K, committed 8104K, reserved 1048576K
GC Heap History (10 events):
Event: 19.838 GC heap before
{Heap before GC invocations=10 (full 1):
 PSYoungGen      total 324608K, used 324579K [0x000000076ab00000, 0x0000000787200000, 0x00000007c0000000)
  eden space 301568K, 100% used [0x000000076ab00000,0x000000077d180000,0x000000077d180000)
  from space 23040K, 99% used [0x000000077f000000,0x0000000780678d50,0x0000000780680000)
  to   space 31232K, 0% used [0x000000077d180000,0x000000077d180000,0x000000077f000000)
 ParOldGen       total 116224K, used 36026K [0x00000006c0000000, 0x00000006c7180000, 0x000000076ab00000)
  object space 116224K, 30% used [0x00000006c0000000,0x00000006c232eae8,0x00000006c7180000)
 Metaspace       used 25934K, capacity 29501K, committed 29696K, reserved 1071104K
  class space    used 5778K, capacity 7097K, committed 7168K, reserved 1048576K
Event: 19.881 GC heap after
Heap after GC invocations=10 (full 1):
 PSYoungGen      total 332800K, used 22807K [0x000000076ab00000, 0x0000000786a80000, 0x00000007c0000000)
  eden space 301568K, 0% used [0x000000076ab00000,0x000000076ab00000,0x000000077d180000)
  from space 31232K, 73% used [0x000000077d180000,0x000000077e7c5ed8,0x000000077f000000)
  to   space 32768K, 0% used [0x0000000784a80000,0x0000000784a80000,0x0000000786a80000)
 ParOldGen       total 116224K, used 45825K [0x00000006c0000000, 0x00000006c7180000, 0x000000076ab00000)
  object space 116224K, 39% used [0x00000006c0000000,0x00000006c2cc0598,0x00000006c7180000)
 Metaspace       used 25934K, capacity 29501K, committed 29696K, reserved 1071104K
  class space    used 5778K, capacity 7097K, committed 7168K, reserved 1048576K
}
Event: 168.402 GC heap before
{Heap before GC invocations=11 (full 1):
 PSYoungGen      total 332800K, used 324375K [0x000000076ab00000, 0x0000000786a80000, 0x00000007c0000000)
  eden space 301568K, 100% used [0x000000076ab00000,0x000000077d180000,0x000000077d180000)
  from space 31232K, 73% used [0x000000077d180000,0x000000077e7c5ed8,0x000000077f000000)
  to   space 32768K, 0% used [0x0000000784a80000,0x0000000784a80000,0x0000000786a80000)
 ParOldGen       total 116224K, used 45825K [0x00000006c0000000, 0x00000006c7180000, 0x000000076ab00000)
  object space 116224K, 39% used [0x00000006c0000000,0x00000006c2cc0598,0x00000006c7180000)
 Metaspace       used 26252K, capacity 29873K, committed 29952K, reserved 1073152K
  class space    used 5810K, capacity 7109K, committed 7168K, reserved 1048576K
Event: 168.431 GC heap after
Heap after GC invocations=11 (full 1):
 PSYoungGen      total 399872K, used 19696K [0x000000076ab00000, 0x0000000785e00000, 0x00000007c0000000)
  eden space 379904K, 0% used [0x000000076ab00000,0x000000076ab00000,0x0000000781e00000)
  from space 19968K, 98% used [0x0000000784a80000,0x0000000785dbc358,0x0000000785e00000)
  to   space 32256K, 0% used [0x0000000781f00000,0x0000000781f00000,0x0000000783e80000)
 ParOldGen       total 116224K, used 47684K [0x00000006c0000000, 0x00000006c7180000, 0x000000076ab00000)
  object space 116224K, 41% used [0x00000006c0000000,0x00000006c2e91158,0x00000006c7180000)
 Metaspace       used 26252K, capacity 29873K, committed 29952K, reserved 1073152K
  class space    used 5810K, capacity 7109K, committed 7168K, reserved 1048576K
}
Event: 2164.080 GC heap before
{Heap before GC invocations=12 (full 1):
 PSYoungGen      total 399872K, used 399600K [0x000000076ab00000, 0x0000000785e00000, 0x00000007c0000000)
  eden space 379904K, 100% used [0x000000076ab00000,0x0000000781e00000,0x0000000781e00000)
  from space 19968K, 98% used [0x0000000784a80000,0x0000000785dbc358,0x0000000785e00000)
  to   space 32256K, 0% used [0x0000000781f00000,0x0000000781f00000,0x0000000783e80000)
 ParOldGen       total 116224K, used 47684K [0x00000006c0000000, 0x00000006c7180000, 0x000000076ab00000)
  object space 116224K, 41% used [0x00000006c0000000,0x00000006c2e91158,0x00000006c7180000)
 Metaspace       used 30866K, capacity 34935K, committed 35200K, reserved 1077248K
  class space    used 6542K, capacity 7955K, committed 8064K, reserved 1048576K
Event: 2164.103 GC heap after
Heap after GC invocations=12 (full 1):
 PSYoungGen      total 413184K, used 22765K [0x000000076ab00000, 0x000000078b000000, 0x00000007c0000000)
  eden space 380928K, 0% used [0x000000076ab00000,0x000000076ab00000,0x0000000781f00000)
  from space 32256K, 70% used [0x0000000781f00000,0x000000078353b418,0x0000000783e80000)
  to   space 33280K, 0% used [0x0000000788f80000,0x0000000788f80000,0x000000078b000000)
 ParOldGen       total 116224K, used 47692K [0x00000006c0000000, 0x00000006c7180000, 0x000000076ab00000)
  object space 116224K, 41% used [0x00000006c0000000,0x00000006c2e93158,0x00000006c7180000)
 Metaspace       used 30866K, capacity 34935K, committed 35200K, reserved 1077248K
  class space    used 6542K, capacity 7955K, committed 8064K, reserved 1048576K
}
Event: 3810.108 GC heap before
{Heap before GC invocations=13 (full 1):
 PSYoungGen      total 413184K, used 231396K [0x000000076ab00000, 0x000000078b000000, 0x00000007c0000000)
  eden space 380928K, 54% used [0x000000076ab00000,0x00000007776bdc50,0x0000000781f00000)
  from space 32256K, 70% used [0x0000000781f00000,0x000000078353b418,0x0000000783e80000)
  to   space 33280K, 0% used [0x0000000788f80000,0x0000000788f80000,0x000000078b000000)
 ParOldGen       total 116224K, used 47692K [0x00000006c0000000, 0x00000006c7180000, 0x000000076ab00000)
  object space 116224K, 41% used [0x00000006c0000000,0x00000006c2e93158,0x00000006c7180000)
 Metaspace       used 31309K, capacity 35493K, committed 35496K, reserved 1077248K
  class space    used 6667K, capacity 8103K, committed 8104K, reserved 1048576K
Event: 3810.134 GC heap after
Heap after GC invocations=13 (full 1):
 PSYoungGen      total 471040K, used 21411K [0x000000076ab00000, 0x000000078a480000, 0x00000007c0000000)
  eden space 449536K, 0% used [0x000000076ab00000,0x000000076ab00000,0x0000000786200000)
  from space 21504K, 99% used [0x0000000788f80000,0x000000078a468de8,0x000000078a480000)
  to   space 33280K, 0% used [0x0000000786380000,0x0000000786380000,0x0000000788400000)
 ParOldGen       total 116224K, used 47700K [0x00000006c0000000, 0x00000006c7180000, 0x000000076ab00000)
  object space 116224K, 41% used [0x00000006c0000000,0x00000006c2e95158,0x00000006c7180000)
 Metaspace       used 31309K, capacity 35493K, committed 35496K, reserved 1077248K
  class space    used 6667K, capacity 8103K, committed 8104K, reserved 1048576K
}
Event: 3810.134 GC heap before
{Heap before GC invocations=14 (full 2):
 PSYoungGen      total 471040K, used 21411K [0x000000076ab00000, 0x000000078a480000, 0x00000007c0000000)
  eden space 449536K, 0% used [0x000000076ab00000,0x000000076ab00000,0x0000000786200000)
  from space 21504K, 99% used [0x0000000788f80000,0x000000078a468de8,0x000000078a480000)
  to   space 33280K, 0% used [0x0000000786380000,0x0000000786380000,0x0000000788400000)
 ParOldGen       total 116224K, used 47700K [0x00000006c0000000, 0x00000006c7180000, 0x000000076ab00000)
  object space 116224K, 41% used [0x00000006c0000000,0x00000006c2e95158,0x00000006c7180000)
 Metaspace       used 31309K, capacity 35493K, committed 35496K, reserved 1077248K
  class space    used 6667K, capacity 8103K, committed 8104K, reserved 1048576K
Event: 3810.291 GC heap after
Heap after GC invocations=14 (full 2):
 PSYoungGen      total 471040K, used 0K [0x000000076ab00000, 0x000000078a480000, 0x00000007c0000000)
  eden space 449536K, 0% used [0x000000076ab00000,0x000000076ab00000,0x0000000786200000)
  from space 21504K, 0% used [0x0000000788f80000,0x0000000788f80000,0x000000078a480000)
  to   space 33280K, 0% used [0x0000000786380000,0x0000000786380000,0x0000000788400000)
 ParOldGen       total 206848K, used 50054K [0x00000006c0000000, 0x00000006cca00000, 0x000000076ab00000)
  object space 206848K, 24% used [0x00000006c0000000,0x00000006c30e19b8,0x00000006cca00000)
 Metaspace       used 31226K, capacity 35335K, committed 35496K, reserved 1077248K
  class space    used 6637K, capacity 8053K, committed 8104K, reserved 1048576K
}

