# JRE version: Java(TM) SE Runtime Environment (8.0_111-b14) (build 1.8.0_111-b14)
# Java VM: Java HotSpot(TM) 64-Bit Server VM (25.111-b14 mixed mode bsd-amd64 compressed oops)
Heap:
 PSYoungGen      total 430592K, used 25190K [0x000000076ab00000, 0x0000000787e00000, 0x00000007c0000000)
  eden space 410112K, 1% used [0x000000076ab00000,0x000000076b0182b8,0x0000000783b80000)
  from space 20480K, 97% used [0x0000000786a00000,0x0000000787d81810,0x0000000787e00000)
  to   space 33280K, 0% used [0x0000000783d00000,0x0000000783d00000,0x0000000785d80000)
 ParOldGen       total 112640K, used 48654K [0x00000006c0000000, 0x00000006c6e00000, 0x000000076ab00000)
  object space 112640K, 43% used [0x00000006c0000000,0x00000006c2f838c0,0x00000006c6e00000)
 Metaspace       used 27488K, capacity 31305K, committed 31488K, reserved 1073152K
  class space    used 6017K, capacity 7357K, committed 7424K, reserved 1048576K
GC Heap History (10 events):
Event: 3.301 GC heap before
{Heap before GC invocations=7 (full 1):
 PSYoungGen      total 141824K, used 131072K [0x000000076ab00000, 0x000000077cc00000, 0x00000007c0000000)
  eden space 131072K, 100% used [0x000000076ab00000,0x0000000772b00000,0x0000000772b00000)
  from space 10752K, 0% used [0x0000000772b00000,0x0000000772b00000,0x0000000773580000)
  to   space 16896K, 0% used [0x000000077bb80000,0x000000077bb80000,0x000000077cc00000)
 ParOldGen       total 112640K, used 17414K [0x00000006c0000000, 0x00000006c6e00000, 0x000000076ab00000)
  object space 112640K, 15% used [0x00000006c0000000,0x00000006c1101a38,0x00000006c6e00000)
 Metaspace       used 25363K, capacity 28909K, committed 29056K, reserved 1071104K
  class space    used 5689K, capacity 6978K, committed 7040K, reserved 1048576K
Event: 3.315 GC heap after
Heap after GC invocations=7 (full 1):
 PSYoungGen      total 220672K, used 12690K [0x000000076ab00000, 0x000000077c800000, 0x00000007c0000000)
  eden space 207872K, 0% used [0x000000076ab00000,0x000000076ab00000,0x0000000777600000)
  from space 12800K, 99% used [0x000000077bb80000,0x000000077c7e4978,0x000000077c800000)
  to   space 17408K, 0% used [0x000000077a600000,0x000000077a600000,0x000000077b700000)
 ParOldGen       total 112640K, used 17422K [0x00000006c0000000, 0x00000006c6e00000, 0x000000076ab00000)
  object space 112640K, 15% used [0x00000006c0000000,0x00000006c1103a38,0x00000006c6e00000)
 Metaspace       used 25363K, capacity 28909K, committed 29056K, reserved 1071104K
  class space    used 5689K, capacity 6978K, committed 7040K, reserved 1048576K
}
Event: 4.061 GC heap before
{Heap before GC invocations=8 (full 1):
 PSYoungGen      total 220672K, used 220562K [0x000000076ab00000, 0x000000077c800000, 0x00000007c0000000)
  eden space 207872K, 100% used [0x000000076ab00000,0x0000000777600000,0x0000000777600000)
  from space 12800K, 99% used [0x000000077bb80000,0x000000077c7e4978,0x000000077c800000)
  to   space 17408K, 0% used [0x000000077a600000,0x000000077a600000,0x000000077b700000)
 ParOldGen       total 112640K, used 17422K [0x00000006c0000000, 0x00000006c6e00000, 0x000000076ab00000)
  object space 112640K, 15% used [0x00000006c0000000,0x00000006c1103a38,0x00000006c6e00000)
 Metaspace       used 25738K, capacity 29277K, committed 29312K, reserved 1071104K
  class space    used 5750K, capacity 7033K, committed 7040K, reserved 1048576K
Event: 4.092 GC heap after
Heap after GC invocations=8 (full 1):
 PSYoungGen      total 274432K, used 17394K [0x000000076ab00000, 0x0000000781900000, 0x00000007c0000000)
  eden space 257024K, 0% used [0x000000076ab00000,0x000000076ab00000,0x000000077a600000)
  from space 17408K, 99% used [0x000000077a600000,0x000000077b6fca58,0x000000077b700000)
  to   space 23040K, 0% used [0x0000000780280000,0x0000000780280000,0x0000000781900000)
 ParOldGen       total 112640K, used 24670K [0x00000006c0000000, 0x00000006c6e00000, 0x000000076ab00000)
  object space 112640K, 21% used [0x00000006c0000000,0x00000006c1817820,0x00000006c6e00000)
 Metaspace       used 25738K, capacity 29277K, committed 29312K, reserved 1071104K
  class space    used 5750K, capacity 7033K, committed 7040K, reserved 1048576K
}
Event: 4.870 GC heap before
{Heap before GC invocations=9 (full 1):
 PSYoungGen      total 274432K, used 274418K [0x000000076ab00000, 0x0000000781900000, 0x00000007c0000000)
  eden space 257024K, 100% used [0x000000076ab00000,0x000000077a600000,0x000000077a600000)
  from space 17408K, 99% used [0x000000077a600000,0x000000077b6fca58,0x000000077b700000)
  to   space 23040K, 0% used [0x0000000780280000,0x0000000780280000,0x0000000781900000)
 ParOldGen       total 112640K, used 24670K [0x00000006c0000000, 0x00000006c6e00000, 0x000000076ab00000)
  object space 112640K, 21% used [0x00000006c0000000,0x00000006c1817820,0x00000006c6e00000)
 Metaspace       used 25817K, capacity 29373K, committed 29696K, reserved 1071104K
  class space    used 5763K, capacity 7065K, committed 7168K, reserved 1048576K
Event: 4.914 GC heap after
Heap after GC invocations=9 (full 1):
 PSYoungGen      total 343552K, used 23023K [0x000000076ab00000, 0x0000000787a00000, 0x00000007c0000000)
  eden space 320512K, 0% used [0x000000076ab00000,0x000000076ab00000,0x000000077e400000)
  from space 23040K, 99% used [0x0000000780280000,0x00000007818fbe38,0x0000000781900000)
  to   space 31232K, 0% used [0x000000077e400000,0x000000077e400000,0x0000000780280000)
 ParOldGen       total 112640K, used 35049K [0x00000006c0000000, 0x00000006c6e00000, 0x000000076ab00000)
  object space 112640K, 31% used [0x00000006c0000000,0x00000006c223a7c0,0x00000006c6e00000)
 Metaspace       used 25817K, capacity 29373K, committed 29696K, reserved 1071104K
  class space    used 5763K, capacity 7065K, committed 7168K, reserved 1048576K
}
Event: 17.853 GC heap before
{Heap before GC invocations=10 (full 1):
 PSYoungGen      total 343552K, used 343535K [0x000000076ab00000, 0x0000000787a00000, 0x00000007c0000000)
  eden space 320512K, 100% used [0x000000076ab00000,0x000000077e400000,0x000000077e400000)
  from space 23040K, 99% used [0x0000000780280000,0x00000007818fbe38,0x0000000781900000)
  to   space 31232K, 0% used [0x000000077e400000,0x000000077e400000,0x0000000780280000)
 ParOldGen       total 112640K, used 35049K [0x00000006c0000000, 0x00000006c6e00000, 0x000000076ab00000)
  object space 112640K, 31% used [0x00000006c0000000,0x00000006c223a7c0,0x00000006c6e00000)
 Metaspace       used 25941K, capacity 29565K, committed 29696K, reserved 1071104K
  class space    used 5776K, capacity 7097K, committed 7168K, reserved 1048576K
Event: 17.903 GC heap after
Heap after GC invocations=10 (full 1):
 PSYoungGen      total 351744K, used 26184K [0x000000076ab00000, 0x0000000788b00000, 0x00000007c0000000)
  eden space 320512K, 0% used [0x000000076ab00000,0x000000076ab00000,0x000000077e400000)
  from space 31232K, 83% used [0x000000077e400000,0x000000077fd92298,0x0000000780280000)
  to   space 33792K, 0% used [0x0000000786a00000,0x0000000786a00000,0x0000000788b00000)
 ParOldGen       total 112640K, used 44758K [0x00000006c0000000, 0x00000006c6e00000, 0x000000076ab00000)
  object space 112640K, 39% used [0x00000006c0000000,0x00000006c2bb5840,0x00000006c6e00000)
 Metaspace       used 25941K, capacity 29565K, committed 29696K, reserved 1071104K
  class space    used 5776K, capacity 7097K, committed 7168K, reserved 1048576K
}
Event: 568.378 GC heap before
{Heap before GC invocations=11 (full 1):
 PSYoungGen      total 351744K, used 346696K [0x000000076ab00000, 0x0000000788b00000, 0x00000007c0000000)
  eden space 320512K, 100% used [0x000000076ab00000,0x000000077e400000,0x000000077e400000)
  from space 31232K, 83% used [0x000000077e400000,0x000000077fd92298,0x0000000780280000)
  to   space 33792K, 0% used [0x0000000786a00000,0x0000000786a00000,0x0000000788b00000)
 ParOldGen       total 112640K, used 44758K [0x00000006c0000000, 0x00000006c6e00000, 0x000000076ab00000)
  object space 112640K, 39% used [0x00000006c0000000,0x00000006c2bb5840,0x00000006c6e00000)
 Metaspace       used 27488K, capacity 31305K, committed 31488K, reserved 1073152K
  class space    used 6017K, capacity 7357K, committed 7424K, reserved 1048576K
Event: 568.411 GC heap after
Heap after GC invocations=11 (full 1):
 PSYoungGen      total 430592K, used 19974K [0x000000076ab00000, 0x0000000787e00000, 0x00000007c0000000)
  eden space 410112K, 0% used [0x000000076ab00000,0x000000076ab00000,0x0000000783b80000)
  from space 20480K, 97% used [0x0000000786a00000,0x0000000787d81810,0x0000000787e00000)
  to   space 33280K, 0% used [0x0000000783d00000,0x0000000783d00000,0x0000000785d80000)
 ParOldGen       total 112640K, used 48654K [0x00000006c0000000, 0x00000006c6e00000, 0x000000076ab00000)
  object space 112640K, 43% used [0x00000006c0000000,0x00000006c2f838c0,0x00000006c6e00000)
 Metaspace       used 27488K, capacity 31305K, committed 31488K, reserved 1073152K
  class space    used 6017K, capacity 7357K, committed 7424K, reserved 1048576K
}

